Building deps
Step 1/12 : ARG METACALL_BASE_IMAGE
Step 2/12 : FROM ${METACALL_BASE_IMAGE} AS deps
 ---> 052664ad4351
Step 3/12 : LABEL copyright.name="Vicente Eduardo Ferrer Garcia" 	copyright.address="vic798@gmail.com" 	maintainer.name="Vicente Eduardo Ferrer Garcia" 	maintainer.address="vic798@gmail.com" 	vendor="MetaCall Inc." 	version="0.1"
 ---> Using cache
 ---> d1d58d425e0b
Step 4/12 : ARG METACALL_PATH
 ---> Using cache
 ---> 05d439746911
Step 5/12 : ARG METACALL_TOOLS_PATH
 ---> Using cache
 ---> 5f26aefe1d15
Step 6/12 : ENV DEBIAN_FRONTEND=noninteractive
 ---> Using cache
 ---> 8cb61dba4c38
Step 7/12 : ENV LTTNG_UST_REGISTER_TIMEOUT=0
 ---> Using cache
 ---> c212658d942c
Step 8/12 : ENV NUGET_XMLDOC_MODE=skip
 ---> Using cache
 ---> 935c1d587974
Step 9/12 : WORKDIR $METACALL_PATH
 ---> Using cache
 ---> c4ac06969269
Step 10/12 : COPY tools/metacall-environment.sh tools/nobuildtest.patch $METACALL_TOOLS_PATH/
 ---> Using cache
 ---> 2fe4d4a75c9b
Step 11/12 : ARG METACALL_INSTALL_OPTIONS
 ---> Using cache
 ---> d1ed6d5caf3c
Step 12/12 : RUN chmod 500 $METACALL_TOOLS_PATH/metacall-environment.sh 	&& $METACALL_TOOLS_PATH/metacall-environment.sh ${METACALL_INSTALL_OPTIONS} 	&& rm -rf $METACALL_PATH
 ---> Using cache
 ---> f96bcec06d27

Successfully built f96bcec06d27
Successfully tagged metacall/core:deps
Building dev
Step 1/11 : FROM metacall/core:deps AS dev
 ---> f96bcec06d27
Step 2/11 : LABEL copyright.name="Vicente Eduardo Ferrer Garcia" 	copyright.address="vic798@gmail.com" 	maintainer.name="Vicente Eduardo Ferrer Garcia" 	maintainer.address="vic798@gmail.com" 	vendor="MetaCall Inc." 	version="0.1"
 ---> Using cache
 ---> 96cf91d96d0d
Step 3/11 : ARG METACALL_PATH
 ---> Using cache
 ---> 4c56e1f92bed
Step 4/11 : ENV LOADER_LIBRARY_PATH=$METACALL_PATH/build 	LOADER_SCRIPT_PATH=$METACALL_PATH/build/scripts 	CONFIGURATION_PATH=$METACALL_PATH/build/configurations/global.json 	SERIAL_LIBRARY_PATH=$METACALL_PATH/build 	DETOUR_LIBRARY_PATH=$METACALL_PATH/build 	PORT_LIBRARY_PATH=$METACALL_PATH/build 	DEBIAN_FRONTEND=noninteractive
 ---> Using cache
 ---> 151e9d87bfaa
Step 5/11 : WORKDIR $METACALL_PATH
 ---> Using cache
 ---> 82964dc2188c
Step 6/11 : COPY . $METACALL_PATH
 ---> 014f042055fb
Step 7/11 : RUN chmod 500 $METACALL_PATH/tools/metacall-configure.sh 	&& chmod 500 $METACALL_PATH/tools/metacall-build.sh 	&& mkdir -p $METACALL_PATH/build
 ---> Running in 75f961dfb8d1
Removing intermediate container 75f961dfb8d1
 ---> aebfe578fd56
Step 8/11 : ARG METACALL_BUILD_TYPE
 ---> Running in 2fc9b5842e25
Removing intermediate container 2fc9b5842e25
 ---> a77eb5394ffa
Step 9/11 : ARG METACALL_BUILD_OPTIONS
 ---> Running in 72bd5453aff8
Removing intermediate container 72bd5453aff8
 ---> 2b654e01d5dc
Step 10/11 : RUN cd $METACALL_PATH/build 	&& $METACALL_PATH/tools/metacall-configure.sh ${METACALL_BUILD_TYPE} ${METACALL_BUILD_OPTIONS}
 ---> Running in cabdd1e6babf
Build all scripts in release mode
Running build script as root
Build with python support
Build with ruby support
Build with netcore 2 support
Build with nodejs support
Build with typescript support
Build with file support
Build all examples
Build distributable libraries
Build all tests
Build all benchmarks
Build all scripts
Build all ports
-- The C compiler identification is GNU 8.3.0
-- The CXX compiler identification is GNU 8.3.0
-- Check for working C compiler: /usr/bin/cc
-- Check for working C compiler: /usr/bin/cc -- works
-- Detecting C compiler ABI info
-- Detecting C compiler ABI info - done
-- Detecting C compile features
-- Detecting C compile features - done
-- Check for working CXX compiler: /usr/bin/c++
-- Check for working CXX compiler: /usr/bin/c++ -- works
-- Detecting CXX compiler ABI info
-- Detecting CXX compiler ABI info - done
-- Detecting CXX compile features
-- Detecting CXX compile features - done
-- Target Operative System: Linux
-- Target OS Family: unix
-- Linux x86_64 64bit detected
-- Lib version
-- Performing Test PIC_C_FLAG
-- Performing Test PIC_C_FLAG - Success
-- Performing Test STACK_PROTECTOR_STRONG_C_FLAG
-- Performing Test STACK_PROTECTOR_STRONG_C_FLAG - Success
-- Performing Test FORTIFY_SOURCE_C_FLAG
-- Performing Test FORTIFY_SOURCE_C_FLAG - Success
-- Performing Test PIC_CXX_FLAG
-- Performing Test PIC_CXX_FLAG - Success
-- Performing Test STACK_PROTECTOR_STRONG_CXX_FLAG
-- Performing Test STACK_PROTECTOR_STRONG_CXX_FLAG - Success
-- Performing Test FORTIFY_SOURCE_CXX_FLAG
-- Performing Test FORTIFY_SOURCE_CXX_FLAG - Success
-- Performing Test COMPILER_HAS_HIDDEN_VISIBILITY
-- Performing Test COMPILER_HAS_HIDDEN_VISIBILITY - Success
-- Performing Test COMPILER_HAS_HIDDEN_INLINE_VISIBILITY
-- Performing Test COMPILER_HAS_HIDDEN_INLINE_VISIBILITY - Success
-- Performing Test COMPILER_HAS_DEPRECATED_ATTR
-- Performing Test COMPILER_HAS_DEPRECATED_ATTR - Success
-- Lib preprocessor
-- Lib environment
-- Lib format
-- Lib log
-- Lib memory
-- Lib portability
-- Lib adt
-- Lib filesystem
-- Lib dynlink
-- Lib detour
-- Lib reflect
-- Lib serial
-- Lib configuration
-- Lib loader
-- Lib metacall
-- Could NOT find GTest (missing: GTEST_LIBRARY GTEST_INCLUDE_DIR GTEST_MAIN_LIBRARY) (Required is at least version "1.8.1")
-- Looking for pthread.h
-- Looking for pthread.h - found
-- Looking for pthread_create
-- Looking for pthread_create - not found
-- Looking for pthread_create in pthreads
-- Looking for pthread_create in pthreads - not found
-- Looking for pthread_create in pthread
-- Looking for pthread_create in pthread - found
-- Found Threads: TRUE  
-- Install Google Test v1.8.1
-- Test preprocessor-test
-- Test environment-test
-- Test log-test
-- Test log-custom-test
-- Test adt-set-test
-- Test adt-trie-test
-- Test reflect-value-cast-test
-- Test reflect-function-test
-- Test reflect-object-class-test
-- Test reflect-scope-test
-- Test reflect-metadata-test
-- Test dynlink-test
-- Test serial-test
-- Test configuration-test
-- Test py-loader-test
-- Test py-loader-port-test
-- Test rb-loader-test
-- Test rb-loader-parser-test
-- Test rb-loader-parser-integration-test
-- Test cs-loader-test
-- Test node-loader-test
-- Test file-loader-test
-- Test loader-path-test
-- Test metacall-logs-test
-- Test metacall-load-memory-test
-- Test metacall-load-configuration-test
-- Test metacall-load-configuration-relative-test
-- Test metacall-duplicated-handle-test
-- Test metacall-duplicated-symbols-test
-- Test metacall-handle-export-test
-- Test metacall-test
-- Test metacall-node-test
-- Test metacall-node-event-loop-test
-- Test metacall-node-call-test
-- Test metacall-node-inline-test
-- Test metacall-node-async-test
-- Test metacall-node-reentrant-test
-- Test metacall-node-port-test
-- Test metacall-distributable-test
-- Test metacall-cast-test
-- Test metacall-init-fini-test
-- Test metacall-ducktype-test
-- Test metacall-inspect-test
-- Test metacall-integration-test
-- Test metacall-depends-test
-- Test metacall-configuration-exec-path-test
-- Test metacall-clear-test
-- Test metacall-python-object-class-test
-- Test metacall-python-gc-test
-- Test metacall-python-open-test
-- Test metacall-python-dict-test
-- Test metacall-python-pointer-test
-- Test metacall-python-reentrant-test
-- Test metacall-python-varargs-test
-- Test metacall-python-port-test
-- Test metacall-map-test
-- Test metacall-map-await-test
-- Test metacall-initialize-test
-- Test metacall-initialize-ex-test
-- Test metacall-reinitialize-test
-- Test metacall-fork-test
-- Test metacall-return-monad-test
-- Test metacall-callback-test
-- Test metacall-callback-complex-test
-- Test metacall-ruby-fail-test
-- Test metacall-ruby-object-class-test
-- Test metacall-function-test
-- Test metacall-file-test
-- Test metacall-typescript-test
-- CLI metacallcli
-- Example metacalllog
-- Could NOT find google-benchmark (missing: GBENCH_INCLUDE_DIR GBENCH_LIBRARY) 
-- Install Google Benchmark v1.4.1
-- Found PythonLibs: /usr/lib/x86_64-linux-gnu/libpython3.7m.so (found suitable version "3.7.3", minimum required is "3") 
-- Benchmark metacall-py-c-api-bench
-- Benchmark metacall-py-call-bench
-- Benchmark metacall-py-init-bench
-- Benchmark metacall-node-call-bench
-- Benchmark metacall-rb-call-bench
-- Benchmark metacall-cs-call-bench
-- Plugin cs_loader_impl implementation
-- Plugin cs_loader
-- Unity build written in /usr/local/metacall/build/source/loaders/cs_loader/cs_loader_unity_build.c
-- Plugin file_loader
-- Unity build written in /usr/local/metacall/build/source/loaders/file_loader/file_loader_unity_build.c
-- Plugin mock_loader
-- Unity build written in /usr/local/metacall/build/source/loaders/mock_loader/mock_loader_unity_build.c
-- Downloading NodeJS headers
-- Extract NodeJS headers
-- Searching NodeJS library version 64
-- Found NODEJS: /usr/bin/node (found version "10.21.0") 
-- Plugin node_loader_bootstrap bootstrap
-- Plugin node_loader
-- Unity build written in /usr/local/metacall/build/source/loaders/node_loader/node_loader_unity_build.c
-- Plugin py_loader
-- Found Ruby: /usr/bin/ruby (found version "2.3.0") 
-- Plugin rb_loader
-- Unity build written in /usr/local/metacall/build/source/loaders/rb_loader/rb_loader_unity_build.c
-- Downloading NodeJS headers
-- Extract NodeJS headers
-- Searching NodeJS library version 64
-- Plugin ts_loader_bootstrap bootstrap
-- Plugin ts_loader
-- Unity build written in /usr/local/metacall/build/source/loaders/ts_loader/ts_loader_unity_build.c
-- Script hello
-- Script nod
-- Script inline
-- Script export
-- Script host
-- Script server
-- Script factcallback
-- Script derpyramda
-- Found PythonInterp: /usr/bin/python3.7 (found version "3.7.3") 
-- Script example
-- Script helloworld
-- Script frontend
-- Script initfini
-- Script callback
-- Script function
-- Script ducktype
-- Script rsasample
-- Script garbage
-- Script classname
-- Script web
-- Script landing
-- Script model
-- Script pointer
-- Script dicty
-- Script host
-- Script hello
-- Script second
-- Script blog
-- Script cache
-- Script ducktype
-- Script invalid
-- Script klass
-- Script static
-- Script favicon
-- Script typedfunc
[91mCMake Warning at source/scripts/typescript/templating/CMakeLists.txt:23 (message):
  NodeJS React not found, skipping the TypeScript templating script project

[0m[91m
[0m-- Serial metacall_serial
-- Unity build written in /usr/local/metacall/build/source/serials/metacall_serial/metacall_serial_unity_build.c
-- Found RapidJSON header files in /usr/local/include
-- Serial rapid_json_serial
-- Unity build written in /usr/local/metacall/build/source/serials/rapid_json_serial/rapid_json_serial_unity_build.c
-- Found Git: /usr/bin/git (found version "2.20.1") 
-- Detour funchook_detour
-- Unity build written in /usr/local/metacall/build/source/detours/funchook_detour/funchook_detour_unity_build.c
-- Distributable metacall_distributable
-- Unity build written in /usr/local/metacall/build/source/distributable/metacall_unity_build.c
-- Port cxx_port
-- Port node_port
-- Port py_port
-- Found SWIG: /usr/local/bin/swig (found version "4.0.1") 
-- Port rb_port
-- Configuring done
-- Generating done
[91mCMake Warning:
  Manually-specified variables were not used by the project:

    OPTION_BUILD_PORTS_TS


[0m-- Build files have been written to: /usr/local/metacall/build
Removing intermediate container cabdd1e6babf
 ---> caf4dcb1d3af
Step 11/11 : RUN cd $METACALL_PATH/build 	&& $METACALL_PATH/tools/metacall-build.sh ${METACALL_BUILD_TYPE} ${METACALL_BUILD_OPTIONS}
 ---> Running in 733c5462fed1
Build all scripts in release mode
Running build script as root
Build and run all tests
Install all libraries
Scanning dependencies of target google-test-depends
Scanning dependencies of target version
[  0%] Creating directories for 'google-test-depends'
[  0%] Building C object source/version/CMakeFiles/version.dir/__/metacall/source/metacall_version.c.o
[  1%] Linking CXX shared library ../../libversion.so
[  1%] Performing download step (git clone) for 'google-test-depends'
[91mCloning into 'google-test-depends'...
[0m[  1%] Built target version
Scanning dependencies of target metacall-python-open-test-depends
[91mnpm[0m[91m [0m[91mWARN[0m[91m [0m[91msaveError[0m[91m ENOENT: no such file or directory, open '/usr/local/metacall/build/source/tests/metacall_python_open_test/package.json'
[0m[91mnpm[0m[91m [0m[91mnotice[0m[91m created a lockfile as package-lock.json. You should commit this file.
[0m[91mnpm[0m[91m [0m[91mWARN[0m[91m [0m[91menoent[0m[91m ENOENT: no such file or directory, open '/usr/local/metacall/build/source/tests/metacall_python_open_test/package.json'
[0m[91mnpm[0m[91m [0m[91mWARN[0m[91m metacall_python_open_test No description
[0m[91mnpm[0m[91m [0m[91mWARN[0m[91m metacall_python_open_test No repository field.
[0m[91mnpm[0m[91m [0m[91mWARN[0m[91m metacall_python_open_test No README data
[0m[91mnpm[0m[91m [0m[91mWARN[0m[91m metacall_python_open_test No license field.
[0m[91m
[0m+ jsonwebtoken@8.5.1
added 15 packages from 10 contributors and audited 15 packages in 1.472s

1 package is looking for funding
  run `npm fund` for details

found 0 vulnerabilities

[  1%] Built target metacall-python-open-test-depends
Scanning dependencies of target metacallcli-scripts-tests
[  1%] Built target metacallcli-scripts-tests
Scanning dependencies of target google-bench-depends
[  1%] Creating directories for 'google-bench-depends'
[  1%] Performing download step (download, verify and extract) for 'google-bench-depends'
-- Downloading...
   dst='/usr/local/metacall/build/source/benchmarks/google-bench-depends-prefix/src/GBench-1.4.1.tar.gz'
   timeout='none'
-- Using src='https://github.com/google/benchmark/archive/v1.4.1.tar.gz'
[91mNote: checking out 'release-1.8.1'.

You are in 'detached HEAD' state. You can look around, make experimental
changes and commit them, and you can discard any commits you make in this
state without impacting any branches by performing another checkout.

If you want to create a new branch to retain commits you create, you may
do so (now or later) by using -b with the checkout command again. Example:

  git checkout -b <new-branch-name>

[0m[91mHEAD is now at 2fe3bd99 Merge pull request #1433 from dsacre/fix-clang-warnings
[0m-- [download 100% complete]
[  1%] No patch step for 'google-test-depends'
[  2%] No update step for 'google-test-depends'
[  2%] Performing configure step for 'google-test-depends'
-- The C compiler identification is GNU 8.3.0
-- The CXX compiler identification is GNU 8.3.0
-- Check for working C compiler: /usr/bin/cc
-- Check for working C compiler: /usr/bin/cc -- works
-- Detecting C compiler ABI info
-- verifying file...
       file='/usr/local/metacall/build/source/benchmarks/google-bench-depends-prefix/src/GBench-1.4.1.tar.gz'
-- Downloading... done
-- extracting...
     src='/usr/local/metacall/build/source/benchmarks/google-bench-depends-prefix/src/GBench-1.4.1.tar.gz'
     dst='/usr/local/metacall/build/source/benchmarks/google-bench-depends-prefix/src/google-bench-depends'
-- extracting... [tar xfz]
-- Detecting C compiler ABI info - done
-- Detecting C compile features
-- extracting... [analysis]
-- extracting... [rename]
-- extracting... [clean up]
-- extracting... done
[  2%] No patch step for 'google-bench-depends'
[  3%] No update step for 'google-bench-depends'
[  3%] Performing configure step for 'google-bench-depends'
-- The C compiler identification is GNU 8.3.0
-- Detecting C compile features - done
-- Check for working CXX compiler: /usr/bin/c++
-- The CXX compiler identification is GNU 8.3.0
-- Check for working C compiler: /usr/bin/cc
-- Check for working C compiler: /usr/bin/cc -- works
-- Detecting C compiler ABI info
-- Check for working CXX compiler: /usr/bin/c++ -- works
-- Detecting CXX compiler ABI info
-- Detecting C compiler ABI info - done
-- Detecting C compile features
-- Detecting CXX compiler ABI info - done
-- Detecting CXX compile features
-- Detecting C compile features - done
-- Check for working CXX compiler: /usr/bin/c++
-- Check for working CXX compiler: /usr/bin/c++ -- works
-- Detecting CXX compiler ABI info
-- Detecting CXX compiler ABI info - done
-- Detecting CXX compile features
-- Detecting CXX compile features - done
-- Found PythonInterp: /usr/bin/python (found version "2.7.16") 
-- Looking for pthread.h
-- Looking for pthread.h - found
-- Looking for pthread_create
-- Looking for pthread_create - not found
-- Check if compiler accepts -pthread
-- Check if compiler accepts -pthread - yes
-- Found Threads: TRUE  
-- Configuring done
-- Generating done
-- Build files have been written to: /usr/local/metacall/build/source/tests/src/google-test-depends-build
[  3%] Performing build step for 'google-test-depends'
Scanning dependencies of target gtest
[ 12%] Building CXX object googlemock/gtest/CMakeFiles/gtest.dir/src/gtest-all.cc.o
-- Detecting CXX compile features - done
-- Failed to find LLVM FileCheck
-- Found Git: /usr/bin/git (found version "2.20.1") 
[91m-- git Version: v0.0.0[0m[91m
[0m[91m-- Version: 0.0.0[0m[91m
[0m-- Performing Test HAVE_CXX_FLAG_STD_CXX11
-- Performing Test HAVE_CXX_FLAG_STD_CXX11 - Success
-- Performing Test HAVE_CXX_FLAG_WALL
-- Performing Test HAVE_CXX_FLAG_WALL - Success
-- Performing Test HAVE_CXX_FLAG_WEXTRA
-- Performing Test HAVE_CXX_FLAG_WEXTRA - Success
-- Performing Test HAVE_CXX_FLAG_WSHADOW
-- Performing Test HAVE_CXX_FLAG_WSHADOW - Success
-- Performing Test HAVE_CXX_FLAG_WERROR
-- Performing Test HAVE_CXX_FLAG_WERROR - Success
-- Performing Test HAVE_CXX_FLAG_PEDANTIC
-- Performing Test HAVE_CXX_FLAG_PEDANTIC - Success
-- Performing Test HAVE_CXX_FLAG_PEDANTIC_ERRORS
-- Performing Test HAVE_CXX_FLAG_PEDANTIC_ERRORS - Success
-- Performing Test HAVE_CXX_FLAG_WSHORTEN_64_TO_32
-- Performing Test HAVE_CXX_FLAG_WSHORTEN_64_TO_32 - Failed
-- Performing Test HAVE_CXX_FLAG_WFLOAT_EQUAL
-- Performing Test HAVE_CXX_FLAG_WFLOAT_EQUAL - Success
-- Performing Test HAVE_CXX_FLAG_FSTRICT_ALIASING
-- Performing Test HAVE_CXX_FLAG_FSTRICT_ALIASING - Success
-- Performing Test HAVE_CXX_FLAG_WSTRICT_ALIASING
-- Performing Test HAVE_CXX_FLAG_WSTRICT_ALIASING - Success
-- Performing Test HAVE_CXX_FLAG_WD654
-- Performing Test HAVE_CXX_FLAG_WD654 - Failed
-- Performing Test HAVE_CXX_FLAG_WTHREAD_SAFETY
-- Performing Test HAVE_CXX_FLAG_WTHREAD_SAFETY - Failed
-- Performing Test HAVE_CXX_FLAG_COVERAGE
-- Performing Test HAVE_CXX_FLAG_COVERAGE - Success
[91m-- Performing Test HAVE_STD_REGEX[0m[91m
[0m[91m-- Performing Test HAVE_STD_REGEX
[0m[ 25%] Linking CXX static library libgtest.a
[ 25%] Built target gtest
Scanning dependencies of target gmock
[ 37%] Building CXX object googlemock/CMakeFiles/gmock.dir/src/gmock-all.cc.o
[91m-- Performing Test HAVE_STD_REGEX -- success[0m[91m
[0m[91m-- Performing Test HAVE_GNU_POSIX_REGEX[0m[91m
[0m[91m-- Performing Test HAVE_GNU_POSIX_REGEX
[0m[91m-- Performing Test HAVE_GNU_POSIX_REGEX -- failed to compile[0m[91m
[0m[91m-- Performing Test HAVE_POSIX_REGEX[0m[91m
[0m[91m-- Performing Test HAVE_POSIX_REGEX[0m[91m
[0m[91m-- Performing Test HAVE_POSIX_REGEX -- success
[0m[91m-- Performing Test HAVE_STEADY_CLOCK[0m[91m
[0m[91m-- Performing Test HAVE_STEADY_CLOCK[0m[91m
[0m[91m-- Performing Test HAVE_STEADY_CLOCK -- success
[0m-- Looking for pthread.h
-- Looking for pthread.h - found
-- Looking for pthread_create
-- Looking for pthread_create - not found
-- Looking for pthread_create in pthreads
-- Looking for pthread_create in pthreads - not found
-- Looking for pthread_create in pthread
-- Looking for pthread_create in pthread - found
-- Found Threads: TRUE  
-- Configuring done
-- Generating done
-- Build files have been written to: /usr/local/metacall/build/source/benchmarks/google-bench-depends-prefix/src/google-bench-depends-build
[  3%] Performing build step for 'google-bench-depends'
Scanning dependencies of target benchmark
[  5%] Building CXX object src/CMakeFiles/benchmark.dir/benchmark.cc.o
[ 50%] Linking CXX static library libgmock.a
[ 50%] Built target gmock
Scanning dependencies of target gtest_main
[ 62%] Building CXX object googlemock/gtest/CMakeFiles/gtest_main.dir/src/gtest_main.cc.o
[ 75%] Linking CXX static library libgtest_main.a
[ 75%] Built target gtest_main
Scanning dependencies of target gmock_main
[ 87%] Building CXX object googlemock/CMakeFiles/gmock_main.dir/src/gmock_main.cc.o
[ 11%] Building CXX object src/CMakeFiles/benchmark.dir/benchmark_register.cc.o
[100%] Linking CXX static library libgmock_main.a
[100%] Built target gmock_main
[  3%] No install step for 'google-test-depends'
[  4%] No test step for 'google-test-depends'
[  4%] Completed 'google-test-depends'
[  4%] Built target google-test-depends
Scanning dependencies of target cs_loader_impl

Welcome to .NET Core!
---------------------
Learn more about .NET Core: https://aka.ms/dotnet-docs
Use 'dotnet --help' to see available commands or visit: https://aka.ms/dotnet-cli-docs

Telemetry
---------
The .NET Core tools collect usage data in order to help us improve your experience. The data is anonymous and doesn't include command-line arguments. The data is collected by Microsoft and shared with the community. You can opt-out of telemetry by setting the DOTNET_CLI_TELEMETRY_OPTOUT environment variable to '1' or 'true' using your favorite shell.

Read more about .NET Core CLI Tools telemetry: https://aka.ms/dotnet-cli-telemetry

ASP.NET Core
------------
Successfully installed the ASP.NET Core HTTPS Development Certificate.
To trust the certificate run 'dotnet dev-certs https --trust' (Windows and macOS only). For establishing trust on other platforms refer to the platform specific documentation.
For more information on configuring HTTPS see https://go.microsoft.com/fwlink/?linkid=848054.
/usr/share/dotnet/sdk/2.2.402/NuGet.targets(123,5): error : Unable to load the service index for source https://api.nuget.org/v3/index.json. [/usr/local/metacall/source/loaders/cs_loader/netcore/source/project.csproj]
/usr/share/dotnet/sdk/2.2.402/NuGet.targets(123,5): error :   The SSL connection could not be established, see inner exception. [/usr/local/metacall/source/loaders/cs_loader/netcore/source/project.csproj]
/usr/share/dotnet/sdk/2.2.402/NuGet.targets(123,5): error :   Authentication failed, see inner exception. [/usr/local/metacall/source/loaders/cs_loader/netcore/source/project.csproj]
/usr/share/dotnet/sdk/2.2.402/NuGet.targets(123,5): error :   The type initializer for 'SslMethods' threw an exception. [/usr/local/metacall/source/loaders/cs_loader/netcore/source/project.csproj]
/usr/share/dotnet/sdk/2.2.402/NuGet.targets(123,5): error :   The type initializer for 'Ssl' threw an exception. [/usr/local/metacall/source/loaders/cs_loader/netcore/source/project.csproj]
/usr/share/dotnet/sdk/2.2.402/NuGet.targets(123,5): error :   The type initializer for 'SslInitializer' threw an exception. [/usr/local/metacall/source/loaders/cs_loader/netcore/source/project.csproj]
/usr/share/dotnet/sdk/2.2.402/NuGet.targets(123,5): error :   error:0E076071:configuration file routines:MODULE_RUN:unknown module name [/usr/local/metacall/source/loaders/cs_loader/netcore/source/project.csproj]
[91mmake[2]: *** [source/loaders/cs_loader/netcore/CMakeFiles/cs_loader_impl.dir/build.make:57: source/loaders/cs_loader/netcore/CMakeFiles/cs_loader_impl] Error 1
make[2]: Target 'source/loaders/cs_loader/netcore/CMakeFiles/cs_loader_impl.dir/build' not remade because of errors.
[0m[91mmake[1]: *** [CMakeFiles/Makefile2:7258: source/loaders/cs_loader/netcore/CMakeFiles/cs_loader_impl.dir/all] Error 2
[0mScanning dependencies of target node_loader_bootstrap_depends
[ 16%] Building CXX object src/CMakeFiles/benchmark.dir/colorprint.cc.o
[ 22%] Building CXX object src/CMakeFiles/benchmark.dir/commandlineflags.cc.o
[ 27%] Building CXX object src/CMakeFiles/benchmark.dir/complexity.cc.o
[ 33%] Building CXX object src/CMakeFiles/benchmark.dir/console_reporter.cc.o
[91mnpm[0m[91m [0m[91mWARN[0m[91m node_loader_bootstrap@1.0.0 No description
[0m[91mnpm[0m[91m [0m[91mWARN[0m[91m node_loader_bootstrap@1.0.0 No repository field.
[0m[91m
[0m[ 38%] Building CXX object src/CMakeFiles/benchmark.dir/counter.cc.o
added 1 package from 2 contributors and audited 1 package in 1.002s
found 0 vulnerabilities

node_loader_bootstrap dependencies copied from /usr/local/metacall/build/source/loaders/node_loader/bootstrap/node_modules to /usr/local/metacall/build/node_modules
[  4%] Built target node_loader_bootstrap_depends
Scanning dependencies of target ts_loader_bootstrap_depends
[ 44%] Building CXX object src/CMakeFiles/benchmark.dir/csv_reporter.cc.o
[ 50%] Building CXX object src/CMakeFiles/benchmark.dir/json_reporter.cc.o
[ 55%] Building CXX object src/CMakeFiles/benchmark.dir/reporter.cc.o
[ 61%] Building CXX object src/CMakeFiles/benchmark.dir/sleep.cc.o
[ 66%] Building CXX object src/CMakeFiles/benchmark.dir/statistics.cc.o
[91mnpm[0m[91m WARN[0m[91m ts_loader_bootstrap@1.0.0 No description
[0m[91mnpm[0m[91m WARN ts_loader_bootstrap@1.0.0 No repository field.
[0m[91m
[0madded 1 package from 1 contributor and audited 1 package in 1.821s
found 0 vulnerabilities

ts_loader_bootstrap dependencies copied from /usr/local/metacall/build/source/loaders/ts_loader/bootstrap/node_modules to /usr/local/metacall/build/node_modules
[  4%] Built target ts_loader_bootstrap_depends
Scanning dependencies of target csharp-hello
[  4%] Built target csharp-hello
Scanning dependencies of target nodejs-nod
[  4%] Built target nodejs-nod
Scanning dependencies of target nodejs-inline
[  4%] Built target nodejs-inline
Scanning dependencies of target nodejs-export
[  4%] Built target nodejs-export
Scanning dependencies of target nodejs-host
[ 72%] Building CXX object src/CMakeFiles/benchmark.dir/string_util.cc.o
[  4%] Built target nodejs-host
Scanning dependencies of target nodejs-server
[  4%] Built target nodejs-server
Scanning dependencies of target nodejs-factcallback
[  4%] Built target nodejs-factcallback
Scanning dependencies of target nodejs-derpyramda
[  4%] Built target nodejs-derpyramda
[ 77%] Building CXX object src/CMakeFiles/benchmark.dir/sysinfo.cc.o
[ 83%] Building CXX object src/CMakeFiles/benchmark.dir/timers.cc.o
Scanning dependencies of target python-example
[  4%] Built target python-example
Scanning dependencies of target python-helloworld
[  4%] Built target python-helloworld
Scanning dependencies of target python-frontend
[  4%] Built target python-frontend
[ 88%] Linking CXX static library libbenchmark.a
Scanning dependencies of target python-initfini
[  4%] Built target python-initfini
Scanning dependencies of target python-callback
[  4%] Built target python-callback
Scanning dependencies of target python-function
[ 88%] Built target benchmark
[  4%] Built target python-function
Scanning dependencies of target benchmark_main
[ 94%] Building CXX object src/CMakeFiles/benchmark_main.dir/benchmark_main.cc.o
Scanning dependencies of target python-ducktype
[  4%] Built target python-ducktype
Scanning dependencies of target python-rsasample
[  4%] Built target python-rsasample
Scanning dependencies of target python-garbage
[  4%] Built target python-garbage
Scanning dependencies of target python-classname
[  4%] Built target python-classname
Scanning dependencies of target python-web
[  4%] Built target python-web
Scanning dependencies of target python-landing
[  4%] Built target python-landing
Scanning dependencies of target python-model
[  4%] Built target python-model
[100%] Linking CXX static library libbenchmark_main.a
Scanning dependencies of target python-pointer
[  4%] Built target python-pointer
[100%] Built target benchmark_main
Scanning dependencies of target python-dicty
[  4%] Built target python-dicty
[  4%] Performing install step for 'google-bench-depends'
Scanning dependencies of target python-host
[  4%] Built target python-host
Scanning dependencies of target ruby-hello
[ 88%] Built target benchmark
[  4%] Built target ruby-hello
[100%] Built target benchmark_main
Scanning dependencies of target ruby-second
Install the project...
[  4%] Built target ruby-second
-- Install configuration: ""
-- Installing: /usr/local/metacall/build/source/benchmarks/google-bench-depends-prefix/lib/libbenchmark.a
Scanning dependencies of target ruby-blog
-- Installing: /usr/local/metacall/build/source/benchmarks/google-bench-depends-prefix/lib/libbenchmark_main.a
-- Installing: /usr/local/metacall/build/source/benchmarks/google-bench-depends-prefix/include/benchmark
-- Installing: /usr/local/metacall/build/source/benchmarks/google-bench-depends-prefix/include/benchmark/benchmark.h
-- Installing: /usr/local/metacall/build/source/benchmarks/google-bench-depends-prefix/lib/cmake/benchmark/benchmarkConfig.cmake
-- Installing: /usr/local/metacall/build/source/benchmarks/google-bench-depends-prefix/lib/cmake/benchmark/benchmarkConfigVersion.cmake
-- Installing: /usr/local/metacall/build/source/benchmarks/google-bench-depends-prefix/lib/pkgconfig/benchmark.pc
-- Installing: /usr/local/metacall/build/source/benchmarks/google-bench-depends-prefix/lib/cmake/benchmark/benchmarkTargets.cmake
-- Installing: /usr/local/metacall/build/source/benchmarks/google-bench-depends-prefix/lib/cmake/benchmark/benchmarkTargets-noconfig.cmake
[  5%] No test step for 'google-bench-depends'
[  5%] Built target ruby-blog
Scanning dependencies of target ruby-cache
[  6%] Completed 'google-bench-depends'
[  6%] Built target ruby-cache
Scanning dependencies of target ruby-ducktype
[  6%] Built target google-bench-depends
[  6%] Built target ruby-ducktype
Scanning dependencies of target ruby-invalid
Scanning dependencies of target ruby-klass
[  6%] Built target ruby-invalid
[  6%] Built target ruby-klass
Scanning dependencies of target file-static
Scanning dependencies of target file-favicon
[  6%] Built target file-static
[  6%] Built target file-favicon
Scanning dependencies of target typescript-typedfunc
Scanning dependencies of target funchook_detour_depends
[  6%] Creating directories for 'funchook_detour_depends'
[  6%] Built target typescript-typedfunc
Scanning dependencies of target cxx_port
[  6%] Building CXX object source/ports/cxx_port/CMakeFiles/cxx_port.dir/source/metacall.cpp.o
[  6%] Performing download step for 'funchook_detour_depends'
[  7%] Linking CXX shared library ../../../libcxx_port.so
[  7%] Built target cxx_port
Scanning dependencies of target node_port
[91mnpm[0m[91m [0m[91mWARN[0m[91m [0m[91mlifecycle[0m[91m metacall@0.3.0~preinstall: cannot run in wd metacall@0.3.0 node scripts/preinstall.js (wd=/usr/local/metacall/source/ports/node_port)
[0m[91mnpm WARN optional SKIPPING OPTIONAL DEPENDENCY: fsevents@2.1.3 (node_modules/fsevents):
[0m[91mnpm WARN notsup SKIPPING OPTIONAL DEPENDENCY: Unsupported platform for fsevents@2.1.3: wanted {"os":"darwin","arch":"any"} (current: {"os":"linux","arch":"x64"})
[0m[91m
[0maudited 135 packages in 1.797s

29 packages are looking for funding
  run `npm fund` for details

found 0 vulnerabilities

[  7%] Built target node_port
Scanning dependencies of target rb_port_swig_compilation
[  8%] Swig compile /usr/local/metacall/source/ports/rb_port/interface/rb_port/rb_port.i for ruby
[91m/usr/local/metacall/source/metacall/include/metacall/metacall.h:57: Warning 801: Wrong class name (corrected to `Metacall_initialize_configuration_type')
[0m[91m/usr/local/metacall/source/metacall/include/metacall/metacall.h:57: Warning 801: Wrong class name (corrected to `Metacall_initialize_configuration_type')
[0m[  8%] Built target rb_port_swig_compilation
Scanning dependencies of target preprocessor
[  8%] Building C object source/preprocessor/CMakeFiles/preprocessor.dir/source/preprocessor.c.o
[  8%] Linking CXX shared library ../../libpreprocessor.so
[  8%] Built target preprocessor
Scanning dependencies of target environment
[  8%] Building C object source/environment/CMakeFiles/environment.dir/source/environment.c.o
[  8%] Building C object source/environment/CMakeFiles/environment.dir/source/environment_variable.c.o
[  8%] Building C object source/environment/CMakeFiles/environment.dir/source/environment_variable_path.c.o
[  9%] Linking CXX shared library ../../libenvironment.so
[  9%] Built target environment
Scanning dependencies of target format
[  9%] Building C object source/format/CMakeFiles/format.dir/source/format.c.o
[  9%] Building C object source/format/CMakeFiles/format.dir/source/format_print.c.o
[ 10%] Linking CXX shared library ../../libformat.so
[ 10%] Built target format
Scanning dependencies of target portability
[ 11%] Building C object source/portability/CMakeFiles/portability.dir/source/portability.c.o
[ 11%] Linking CXX shared library ../../libportability.so
[ 11%] Built target portability
Scanning dependencies of target preprocessor-test
[ 12%] Building CXX object source/tests/preprocessor_test/CMakeFiles/preprocessor-test.dir/source/main.cpp.o
[ 12%] Building CXX object source/tests/preprocessor_test/CMakeFiles/preprocessor-test.dir/source/preprocessor_test.cpp.o
[ 12%] Linking CXX executable ../../../preprocessor-test
[ 12%] Built target preprocessor-test
Scanning dependencies of target environment-test
[ 12%] Building CXX object source/tests/environment_test/CMakeFiles/environment-test.dir/source/main.cpp.o
